
ROM used:   3320/8192 (41%)
            3346/8192 (41%) including unused fragments

            2.6 Average locations per line
            10.6 Average locations per statement

RAM used:   38/368 (10%) at main() level
            77/368 (21%) worst case

Stack used: 8 worst case (4 in main + 4 for interrupts)
Stack size: 8

Lines Stmts  %   Files
----- ----- ---  -----
  192   228  73  proje2.c
  639     0   0  ..\..\..\..\..\Program Files (x86)\PICC\Devices\16f877.h
  456    84  27  ..\..\..\..\..\Program Files (x86)\PICC\Drivers\lcd.c
----- -----
 1287   312 Total

Page ROM  %  RAM   Vol Diff  Functions:
---- --- --- ---   --- ----  ----------
0     21   1    1             @delay_ms1
 Inline         3   596  5.9  lcd_read_byte
 Inline         0    59  4.2  lcd_read_nibble
 Inline         1   179  3.3  lcd_send_nibble
0     93   3    3   460  4.7  lcd_send_byte
 Inline         6   814  7.2  lcd_init
 Inline         4   208  6.3  lcd_gotoxy
0     76   2    1   354  4.7  lcd_putc
0    794  24    1   127  2.0  timer0_kesmesi
0     15   0    0    27  1.0  @const665
0     86   3    4    27  1.0  @PSTRINGC7_640
0      7   0    0    27  1.0  @const667
 Inline         3    27  1.0  @DIV88
0    126   4    6    27  1.0  @PRINTF_D_640
0     87   3    5    27  1.0  @PSTRINGCN7_640
1    857  26    0    12  0.8  timer1_Kesmesi
 Inline         2  1249  9.2  kontrol
0     37   1    2  4446  4.9  @MUL88
0      9   0    0  4446  4.9  @const681
0      6   0    0  4446  4.9  @const682
0     13   0    0  4446  4.9  @const683
0      1   0    0  4446  4.9  @const684
0      9   0    0  4446  4.9  @const685
0      6   0    0  4485  4.9  @const686
 Inline         2  4485  4.9  dereceAyarla
1    182   5    0   464  2.3  ilkAyar
0     14   0    0   486  5.9  @const698
 Inline         4   606  6.4  sicaklik
0     29   1    2   236  3.0  @ITOF
0    117   4   13   236  3.0  @MULFF
 Inline        14             @DIVFF
 Inline        16             @ADDFF
0      7   0    0   236  3.0  @const710
 Inline         5   236  3.0  @FTOSD
0     79   2   13   236  3.0  @DIV3232
0    226   7   13   236  3.0  @PRINTF_L32D_640FPFPF
0     63   2   10  1341  4.4  @FLT
 Inline         3   372  5.5  sira
1    144   4    1   219  3.0  MAIN
0     12   0    0             @const728
1    115   3    2             @PRINTF_U_640
0      1   0    0             @const732
 Inline         0             @cinit1

Program metrics:
    Functions               36
    Statements              312
    Comments                211
    Volume (V)              70484
    Difficulty (D)          144.7
    Effort to implement (E) 10197404
    Time to implement (T)   157 hours, 22 minutes
    Est Delivered Bugs (B)  16
    Cyclomatic Complexity   209
    Maintainability (MI)    67

 Segment     Used  Free
-----------  ----  ----
00000-00003     4  0  
00004-00057    84  0  
00058-007FF  1934  26  
00800-00FFF  1298  750  
01000-017FF     0  2048  
01800-01FFF     0  2048  



